<?xml version="1.0" encoding="UTF-8"?>
<!-- Generated by org.testng.reporters.JUnitXMLReporter -->
<testsuite ignored="0" hostname="DESKTOP-8K3BVFP" failures="0" tests="4" name="Default test" time="6.255" errors="0" timestamp="2024-12-04T16:54:56 IST">
  <testcase classname="api.tests.UserModuleTestCase" name="creatUserTC" time="3.775"/>
  <testcase classname="api.tests.UserModuleTestCase" name="getUserTC" time="1.271"/>
  <testcase classname="api.tests.UserModuleTestCase" name="updateUserTC" time="0.459"/>
  <testcase classname="api.tests.UserModuleTestCase" name="removeUserTC" time="0.387"/>
</testsuite> <!-- Default test -->
