<?xml version="1.0" encoding="UTF-8"?>
<!-- Generated by org.testng.reporters.JUnitXMLReporter -->
<testsuite ignored="0" hostname="DESKTOP-8K3BVFP" failures="0" tests="4" name="Test" time="5.448" errors="0" timestamp="2024-12-04T17:38:17 IST">
  <testcase classname="api.tests.UserModuleTestCase" name="creatUserTC" time="4.208"/>
  <testcase classname="api.tests.UserModuleTestCase" name="getUserTC" time="0.299"/>
  <testcase classname="api.tests.UserModuleTestCase" name="updateUserTC" time="0.334"/>
  <testcase classname="api.tests.UserModuleTestCase" name="removeUserTC" time="0.326"/>
</testsuite> <!-- Test -->
