<?xml version="1.0" encoding="UTF-8"?>
<testng-results ignored="0" total="4" passed="4" failed="0" skipped="0">
  <reporter-output>
  </reporter-output>
  <suite started-at="2024-12-04T18:14:43 IST" name="Suite" finished-at="2024-12-04T18:15:04 IST" duration-ms="20957">
    <groups>
    </groups>
    <test started-at="2024-12-04T18:14:43 IST" name="Test" finished-at="2024-12-04T18:15:04 IST" duration-ms="20957">
      <class name="api.tests.UserModuleTestCase">
        <test-method is-config="true" signature="setUp()[pri:0, instance:api.tests.UserModuleTestCase@409bf450]" started-at="2024-12-04T18:14:43 IST" name="setUp" finished-at="2024-12-04T18:14:43 IST" duration-ms="311" status="PASS">
          <reporter-output>
          </reporter-output>
        </test-method> <!-- setUp -->
        <test-method signature="creatUserTC()[pri:1, instance:api.tests.UserModuleTestCase@409bf450]" started-at="2024-12-04T18:14:43 IST" name="creatUserTC" finished-at="2024-12-04T18:14:46 IST" duration-ms="3413" status="PASS">
          <reporter-output>
          </reporter-output>
        </test-method> <!-- creatUserTC -->
        <test-method signature="getUserTC()[pri:2, instance:api.tests.UserModuleTestCase@409bf450]" started-at="2024-12-04T18:14:46 IST" name="getUserTC" finished-at="2024-12-04T18:14:48 IST" depends-on-methods="api.tests.UserModuleTestCase.creatUserTC" duration-ms="1395" status="PASS">
          <reporter-output>
          </reporter-output>
        </test-method> <!-- getUserTC -->
        <test-method signature="updateUserTC()[pri:3, instance:api.tests.UserModuleTestCase@409bf450]" started-at="2024-12-04T18:14:48 IST" name="updateUserTC" finished-at="2024-12-04T18:15:01 IST" depends-on-methods="api.tests.UserModuleTestCase.getUserTC" duration-ms="13391" status="PASS">
          <reporter-output>
          </reporter-output>
        </test-method> <!-- updateUserTC -->
        <test-method signature="removeUserTC()[pri:4, instance:api.tests.UserModuleTestCase@409bf450]" started-at="2024-12-04T18:15:01 IST" name="removeUserTC" finished-at="2024-12-04T18:15:04 IST" depends-on-methods="api.tests.UserModuleTestCase.updateUserTC" duration-ms="2382" status="PASS">
          <reporter-output>
          </reporter-output>
        </test-method> <!-- removeUserTC -->
      </class> <!-- api.tests.UserModuleTestCase -->
    </test> <!-- Test -->
  </suite> <!-- Suite -->
</testng-results>
