<?xml version="1.0" encoding="UTF-8"?>
<testsuite xmlns:xsi="http://www.w3.org/2001/XMLSchema-instance" xsi:noNamespaceSchemaLocation="https://maven.apache.org/surefire/maven-surefire-plugin/xsd/surefire-test-report.xsd" version="3.0.2" name="TestSuite" time="21.63" tests="4" errors="0" skipped="0" failures="0">
  <properties>
[...]
</properties>
  <testcase name="creatUserTC" classname="api.tests.UserModuleTestCase" time="3.426">
    <system-out><![CDATA[HTTP/1.1 201 Created
Date: Wed, 04 Dec 2024 12:44:46 GMT
Content-Type: application/json; charset=utf-8
Content-Length: 105
Connection: keep-alive
Cache-Control: max-age=0, private, must-revalidate
etag: W/"59c842ba948ff269cced243be11ec5a0"
location: https://gorest.co.in/public/v2/users/7565053
referrer-policy: strict-origin-when-cross-origin
vary: Origin
x-content-type-options: nosniff
x-download-options: noopen
x-frame-options: SAMEORIGIN
x-permitted-cross-domain-policies: none
x-ratelimit-limit: 90
x-ratelimit-remaining: 86
x-ratelimit-reset: 1
x-request-id: 9dd7136d-ad10-4d8b-8963-df3913020381
x-runtime: 0.133163
x-xss-protection: 0
CF-Cache-Status: DYNAMIC
Report-To: {"endpoints":[{"url":"https:\/\/a.nel.cloudflare.com\/report\/v4?s=tfXZj4f8bGf3nguc2%2BQOGomb6iDla0tkznZgLdMWOg2Nh5RNIskLyqm5RO3IDjbQTNrSHj2uT4%2BPxDsSsKWjzxYlli37eC4CrwM%2F%2BO2RLUVK2nfAArFGCa0et%2F%2Bffic%3D"}],"group":"cf-nel","max_age":604800}
NEL: {"success_fraction":0,"report_to":"cf-nel","max_age":604800}
Server: cloudflare
CF-RAY: 8ecbe3c77f373cc3-BOM
alt-svc: h3=":443"; ma=86400
server-timing: cfL4;desc="?proto=TCP&rtt=10323&min_rtt=10323&rtt_var=5161&sent=7&recv=8&lost=0&retrans=1&sent_bytes=3930&recv_bytes=989&delivery_rate=60641&cwnd=246&unsent_bytes=0&cid=d3135ebc757b01b9&ts=434&x=0"

{
    "id": 7565053,
    "name": "Xochitl Gottlieb",
    "email": "jen.wiza@yahoo.com",
    "gender": "male",
    "status": "inactive"
}
]]></system-out>
    <system-err><![CDATA[SLF4J: Failed to load class "org.slf4j.impl.StaticLoggerBinder".
SLF4J: Defaulting to no-operation (NOP) logger implementation
SLF4J: See http://www.slf4j.org/codes.html#StaticLoggerBinder for further details.
]]></system-err>
  </testcase>
  <testcase name="getUserTC" classname="api.tests.UserModuleTestCase" time="1.394">
    <system-out><![CDATA[HTTP/1.1 200 OK
Date: Wed, 04 Dec 2024 12:44:48 GMT
Content-Type: application/json; charset=utf-8
Transfer-Encoding: chunked
Connection: keep-alive
Cache-Control: max-age=0, private, must-revalidate
etag: W/"59c842ba948ff269cced243be11ec5a0"
referrer-policy: strict-origin-when-cross-origin
vary: Origin
x-content-type-options: nosniff
x-download-options: noopen
x-frame-options: SAMEORIGIN
x-permitted-cross-domain-policies: none
x-ratelimit-limit: 90
x-ratelimit-remaining: 89
x-ratelimit-reset: 1
x-request-id: 62402231-35a4-4b6f-964f-f78da1770d4f
x-runtime: 0.328378
x-xss-protection: 0
CF-Cache-Status: DYNAMIC
Report-To: {"endpoints":[{"url":"https:\/\/a.nel.cloudflare.com\/report\/v4?s=7fTAmU0%2BMskUgSNSTvyJd8PKw3tQHUY0jtGbHH9L2TiTAwt8EvsRQ2wT9jboCUbJSMLPrW2of0EdGrFWw2bj73qy6znk6SWyp0xc8hae%2FpqAiywJl7jcJ%2BpqUstMW6c%3D"}],"group":"cf-nel","max_age":604800}
NEL: {"success_fraction":0,"report_to":"cf-nel","max_age":604800}
Server: cloudflare
CF-RAY: 8ecbe3d0b8cd46a7-BOM
Content-Encoding: gzip
alt-svc: h3=":443"; ma=86400
server-timing: cfL4;desc="?proto=TCP&rtt=147963&min_rtt=147963&rtt_var=73981&sent=5&recv=6&lost=0&retrans=1&sent_bytes=3930&recv_bytes=852&delivery_rate=11016&cwnd=231&unsent_bytes=0&cid=cae70e8b69360d81&ts=1139&x=0"

{
    "id": 7565053,
    "name": "Xochitl Gottlieb",
    "email": "jen.wiza@yahoo.com",
    "gender": "male",
    "status": "inactive"
}
]]></system-out>
  </testcase>
  <testcase name="updateUserTC" classname="api.tests.UserModuleTestCase" time="13.399">
    <system-out><![CDATA[HTTP/1.1 200 OK
Date: Wed, 04 Dec 2024 12:45:01 GMT
Content-Type: application/json; charset=utf-8
Transfer-Encoding: chunked
Connection: keep-alive
Cache-Control: max-age=0, private, must-revalidate
etag: W/"382e13475db60aa4f53160bcc216fcc5"
referrer-policy: strict-origin-when-cross-origin
vary: Origin
x-content-type-options: nosniff
x-download-options: noopen
x-frame-options: SAMEORIGIN
x-permitted-cross-domain-policies: none
x-ratelimit-limit: 90
x-ratelimit-remaining: 89
x-ratelimit-reset: 1
x-request-id: 19b2c744-d4e0-431e-8c85-01c09a371fff
x-runtime: 0.255199
x-xss-protection: 0
CF-Cache-Status: DYNAMIC
Report-To: {"endpoints":[{"url":"https:\/\/a.nel.cloudflare.com\/report\/v4?s=icv7QbaGgqNRCrb3pMuuDcQ7GG6Bwok0WBngnP0BBNVbLOh0mzZ5tgVVBR2woYngbXm7RBrDBRE20yxCs90SXUqi%2BaMybTb3L%2FBhaRa2aMCST85p9HkZC%2FNQf4aGOMM%3D"}],"group":"cf-nel","max_age":604800}
NEL: {"success_fraction":0,"report_to":"cf-nel","max_age":604800}
Server: cloudflare
CF-RAY: 8ecbe3d66c413a2e-BOM
Content-Encoding: gzip
alt-svc: h3=":443"; ma=86400
server-timing: cfL4;desc="?proto=TCP&rtt=10143&min_rtt=9935&rtt_var=4142&sent=4&recv=6&lost=0&retrans=0&sent_bytes=2691&recv_bytes=996&delivery_rate=250280&cwnd=231&unsent_bytes=0&cid=c32fa6d1f5bbf0b5&ts=12867&x=0"

{
    "email": "jen.wiza@yahoo.com",
    "name": "Xochitl Gottlieb",
    "gender": "female",
    "status": "active",
    "id": 7565053
}
]]></system-out>
  </testcase>
  <testcase name="removeUserTC" classname="api.tests.UserModuleTestCase" time="2.38">
    <system-out><![CDATA[HTTP/1.1 204 No Content
Date: Wed, 04 Dec 2024 12:45:04 GMT
Connection: keep-alive
Cache-Control: no-cache
referrer-policy: strict-origin-when-cross-origin
vary: Origin
x-content-type-options: nosniff
x-download-options: noopen
x-frame-options: SAMEORIGIN
x-permitted-cross-domain-policies: none
x-ratelimit-limit: 90
x-ratelimit-remaining: 89
x-ratelimit-reset: 1
x-request-id: fa73b4a5-cc2a-4221-8cc3-1c013ec4f2cb
x-runtime: 0.192104
x-xss-protection: 0
CF-Cache-Status: DYNAMIC
Report-To: {"endpoints":[{"url":"https:\/\/a.nel.cloudflare.com\/report\/v4?s=4MuhxSPdLA3nXs7Rljj5GFz4zJgQjKtLGY9tWzgCBW7IKcbKQJZGqYI254YgyXH0KLL8cLXT1fAtCow71uT%2FS7nS3VZiKUpyvZxT4bML9%2BAs%2BdHW%2BIjbYRGLw38OHSs%3D"}],"group":"cf-nel","max_age":604800}
NEL: {"success_fraction":0,"report_to":"cf-nel","max_age":604800}
Server: cloudflare
CF-RAY: 8ecbe4360c55f313-BOM
alt-svc: h3=":443"; ma=86400
server-timing: cfL4;desc="?proto=TCP&rtt=812450&min_rtt=751071&rtt_var=404410&sent=4&recv=6&lost=0&retrans=0&sent_bytes=2693&recv_bytes=855&delivery_rate=2337&cwnd=221&unsent_bytes=0&cid=1f591b7a83d8c4b8&ts=1568&x=0"
]]></system-out>
  </testcase>
</testsuite>